<?xml version="1.0" encoding="UTF-8"?>
<!-- Generated by org.testng.reporters.JUnitReportReporter -->
<testsuite hostname="DESKTOP-1UR8VD7" failures="0" tests="2" name="testcases.OpenCartTest" time="0.098" errors="0" timestamp="2022-09-27T20:50:21 IST" skipped="0">
  <testcase classname="testcases.OpenCartTest" name="searchTest" time="0.085"/>
  <testcase classname="testcases.OpenCartTest" name="pageTitleTest" time="0.013"/>
</testsuite> <!-- testcases.OpenCartTest -->
