<?xml version="1.0" encoding="UTF-8"?>
<!-- Generated by org.testng.reporters.JUnitReportReporter -->
<testsuite hostname="DESKTOP-1UR8VD7" failures="0" tests="2" name="testcases.GoogleTest" time="0.179" errors="0" timestamp="2022-09-27T20:50:21 IST" skipped="0">
  <testcase classname="testcases.GoogleTest" name="searchTest" time="0.157"/>
  <testcase classname="testcases.GoogleTest" name="pageTitleTest" time="0.022"/>
</testsuite> <!-- testcases.GoogleTest -->
