<?xml version="1.0" encoding="UTF-8"?>
<!-- Generated by org.testng.reporters.JUnitReportReporter -->
<testsuite hostname="DESKTOP-1UR8VD7" failures="0" tests="3" name="testcases.AmazonTest" time="0.355" errors="0" timestamp="2022-09-27T20:50:21 IST" skipped="0">
  <testcase classname="testcases.AmazonTest" name="searchTest" time="0.257"/>
  <testcase classname="testcases.AmazonTest" name="logoTest" time="0.076"/>
  <testcase classname="testcases.AmazonTest" name="pageTitleTest" time="0.022"/>
</testsuite> <!-- testcases.AmazonTest -->
